  SampleEvaluationOnLFWSeetaFace.cpp
c:\users\zq\desktop\zqcnn-v0.0\zqlibfaceid\ZQ_FaceRecognizer.h(94): warning C4267: “初始化”: 从“size_t”转换到“int”，可能丢失数据
c:\users\zq\desktop\zqcnn-v0.0\zqlibfaceid\ZQ_FaceRecognizer.h(112): warning C4267: “初始化”: 从“size_t”转换到“int”，可能丢失数据
c:\users\zq\desktop\zqcnn-v0.0\zqlibfaceid\ZQ_FaceRecognizer.h(149): warning C4267: “初始化”: 从“size_t”转换到“int”，可能丢失数据
c:\users\zq\desktop\zqcnn-v0.0\zqlibfaceid\ZQ_FaceRecognizer.h(153): warning C4267: “初始化”: 从“size_t”转换到“int”，可能丢失数据
C:\Users\ZQ\Desktop\ZQCNN-v0.0\ZQlibFaceID\ZQ_FaceIDPrecisionEvaluation.h(89): warning C4267: “初始化”: 从“size_t”转换到“int”，可能丢失数据
C:\Users\ZQ\Desktop\ZQCNN-v0.0\ZQlibFaceID\ZQ_FaceIDPrecisionEvaluation.h(105): warning C4267: “初始化”: 从“size_t”转换到“int”，可能丢失数据
C:\Users\ZQ\Desktop\ZQCNN-v0.0\ZQlibFaceID\ZQ_FaceIDPrecisionEvaluation.h(142): warning C4267: “参数”: 从“size_t”转换到“int”，可能丢失数据
C:\Users\ZQ\Desktop\ZQCNN-v0.0\ZQlibFaceID\ZQ_FaceIDPrecisionEvaluation.h(148): warning C4267: “参数”: 从“size_t”转换到“int”，可能丢失数据
C:\Users\ZQ\Desktop\ZQCNN-v0.0\ZQlibFaceID\ZQ_FaceIDPrecisionEvaluation.h(158): warning C4267: “参数”: 从“size_t”转换到“int”，可能丢失数据
C:\Users\ZQ\Desktop\ZQCNN-v0.0\ZQlibFaceID\ZQ_FaceIDPrecisionEvaluation.h(164): warning C4267: “参数”: 从“size_t”转换到“int”，可能丢失数据
C:\Users\ZQ\Desktop\ZQCNN-v0.0\ZQlibFaceID\ZQ_FaceIDPrecisionEvaluation.h(215): warning C4267: “参数”: 从“size_t”转换到“int”，可能丢失数据
C:\Users\ZQ\Desktop\ZQCNN-v0.0\ZQlibFaceID\ZQ_FaceIDPrecisionEvaluation.h(225): warning C4267: “参数”: 从“size_t”转换到“int”，可能丢失数据
C:\Users\ZQ\Desktop\ZQCNN-v0.0\ZQlibFaceID\ZQ_FaceIDPrecisionEvaluation.h(239): warning C4267: “参数”: 从“size_t”转换到“int”，可能丢失数据
C:\Users\ZQ\Desktop\ZQCNN-v0.0\ZQlibFaceID\ZQ_FaceIDPrecisionEvaluation.h(248): warning C4267: “参数”: 从“size_t”转换到“int”，可能丢失数据
C:\Users\ZQ\Desktop\ZQCNN-v0.0\ZQlibFaceID\ZQ_FaceIDPrecisionEvaluation.h(269): warning C4267: “初始化”: 从“size_t”转换到“int”，可能丢失数据
C:\Users\ZQ\Desktop\ZQCNN-v0.0\ZQlibFaceID\ZQ_FaceIDPrecisionEvaluation.h(311): warning C4267: “初始化”: 从“size_t”转换到“int”，可能丢失数据
C:\Users\ZQ\Desktop\ZQCNN-v0.0\ZQlibFaceID\ZQ_FaceIDPrecisionEvaluation.h(377): warning C4267: “初始化”: 从“size_t”转换到“int”，可能丢失数据
C:\Users\ZQ\Desktop\ZQCNN-v0.0\ZQlibFaceID\ZQ_FaceIDPrecisionEvaluation.h(437): warning C4244: “=”: 从“double”转换到“float”，可能丢失数据
C:\Users\ZQ\Desktop\ZQCNN-v0.0\ZQlibFaceID\ZQ_FaceIDPrecisionEvaluation.h(444): warning C4267: “初始化”: 从“size_t”转换到“int”，可能丢失数据
C:\Users\ZQ\Desktop\ZQCNN-v0.0\ZQlibFaceID\ZQ_FaceIDPrecisionEvaluation.h(508): warning C4244: “return”: 从“double”转换到“float”，可能丢失数据
C:\Users\ZQ\Desktop\ZQCNN-v0.0\ZQlibFaceID\ZQ_FaceIDPrecisionEvaluation.h(522): warning C4244: “return”: 从“double”转换到“float”，可能丢失数据
C:\Users\ZQ\Desktop\ZQCNN-v0.0\ZQlibFaceID\ZQ_FaceIDPrecisionEvaluation.h(548): warning C4267: “初始化”: 从“size_t”转换到“int”，可能丢失数据
C:\Users\ZQ\Desktop\ZQCNN-v0.0\ZQlibFaceID\ZQ_FaceIDPrecisionEvaluation.h(556): warning C4267: “初始化”: 从“size_t”转换到“int”，可能丢失数据
C:\Users\ZQ\Desktop\ZQCNN-v0.0\3rdparty\include\SeetaFaceEngine\FaceIdentification\include\face_identification.h(45): warning C4010: 单行注释包含行继续符
C:\Users\ZQ\Desktop\ZQCNN-v0.0\3rdparty\include\SeetaFaceEngine\FaceIdentification\include\face_identification.h(46): warning C4010: 单行注释包含行继续符
C:\Users\ZQ\Desktop\ZQCNN-v0.0\3rdparty\include\SeetaFaceEngine\FaceIdentification\include\face_identification.h(52): warning C4010: 单行注释包含行继续符
C:\Users\ZQ\Desktop\ZQCNN-v0.0\3rdparty\include\SeetaFaceEngine\FaceIdentification\include\face_identification.h(69): warning C4010: 单行注释包含行继续符
C:\Users\ZQ\Desktop\ZQCNN-v0.0\3rdparty\include\SeetaFaceEngine\FaceIdentification\include\face_identification.h(70): warning C4010: 单行注释包含行继续符
C:\Users\ZQ\Desktop\ZQCNN-v0.0\3rdparty\include\SeetaFaceEngine\FaceIdentification\include\face_identification.h(81): warning C4010: 单行注释包含行继续符
SampleEvaluationOnLFWSeetaFace.cpp(41): warning C4800: “int”: 将值强制为布尔值“true”或“false”(性能警告)
C:\Users\ZQ\Desktop\ZQCNN-v0.0\3rdparty\include\ZQlib\ZQ_MathBase.h(155): warning C4244: “初始化”: 从“double”转换到“float”，可能丢失数据
  C:\Users\ZQ\Desktop\ZQCNN-v0.0\ZQlibFaceID\ZQ_FaceIDPrecisionEvaluation.h(278): note: 参见对正在编译的函数 模板 实例化“void ZQ::ZQ_MathBase::Normalize<float>(int,T *)”的引用
          with
          [
              T=float
          ]
    正在创建库 C:\Users\ZQ\Desktop\ZQCNN-v0.0\x64\Release\SampleEvaluationOnLFWSeetaFace.lib 和对象 C:\Users\ZQ\Desktop\ZQCNN-v0.0\x64\Release\SampleEvaluationOnLFWSeetaFace.exp
  正在生成代码
  All 1305 functions were compiled because no usable IPDB/IOBJ from previous compilation was found.
  已完成代码的生成
  SampleEvaluationOnLFWSeetaFace.vcxproj -> C:\Users\ZQ\Desktop\ZQCNN-v0.0\x64\Release\SampleEvaluationOnLFWSeetaFace.exe
  SampleEvaluationOnLFWSeetaFace.vcxproj -> C:\Users\ZQ\Desktop\ZQCNN-v0.0\x64\Release\SampleEvaluationOnLFWSeetaFace.pdb (Full PDB)
