  SampleFaceDatabaseOpenCV.cpp
c:\users\zq\desktop\zqcnn-v0.0\zqlibfaceid\ZQ_FaceRecognizer.h(94): warning C4267: “初始化”: 从“size_t”转换到“int”，可能丢失数据
c:\users\zq\desktop\zqcnn-v0.0\zqlibfaceid\ZQ_FaceRecognizer.h(112): warning C4267: “初始化”: 从“size_t”转换到“int”，可能丢失数据
c:\users\zq\desktop\zqcnn-v0.0\zqlibfaceid\ZQ_FaceRecognizer.h(149): warning C4267: “初始化”: 从“size_t”转换到“int”，可能丢失数据
c:\users\zq\desktop\zqcnn-v0.0\zqlibfaceid\ZQ_FaceRecognizer.h(153): warning C4267: “初始化”: 从“size_t”转换到“int”，可能丢失数据
c:\users\zq\desktop\zqcnn-v0.0\zqlibfaceid\ZQ_FaceRecognizerSphereFace.h(162): warning C4267: “参数”: 从“size_t”转换到“int”，可能丢失数据
c:\users\zq\desktop\zqcnn-v0.0\zqlibfaceid\ZQ_FaceDatabase.h(137): warning C4267: “初始化”: 从“size_t”转换到“int”，可能丢失数据
c:\users\zq\desktop\zqcnn-v0.0\zqlibfaceid\ZQ_FaceDatabase.h(144): warning C4267: “初始化”: 从“size_t”转换到“int”，可能丢失数据
c:\users\zq\desktop\zqcnn-v0.0\zqlibfaceid\ZQ_FaceDatabase.h(155): warning C4267: “初始化”: 从“size_t”转换到“int”，可能丢失数据
c:\users\zq\desktop\zqcnn-v0.0\zqlibfaceid\ZQ_FaceDatabase.h(171): warning C4267: “初始化”: 从“size_t”转换到“int”，可能丢失数据
c:\users\zq\desktop\zqcnn-v0.0\zqlibfaceid\ZQ_FaceDatabase.h(188): warning C4267: “初始化”: 从“size_t”转换到“int”，可能丢失数据
c:\users\zq\desktop\zqcnn-v0.0\zqlibfaceid\ZQ_FaceDatabase.h(198): warning C4267: “初始化”: 从“size_t”转换到“int”，可能丢失数据
c:\users\zq\desktop\zqcnn-v0.0\zqlibfaceid\ZQ_FaceDatabase.h(232): warning C4267: “初始化”: 从“size_t”转换到“int”，可能丢失数据
c:\users\zq\desktop\zqcnn-v0.0\zqlibfaceid\ZQ_FaceDatabase.h(246): warning C4267: “初始化”: 从“size_t”转换到“int”，可能丢失数据
c:\users\zq\desktop\zqcnn-v0.0\zqlibfaceid\ZQ_FaceDatabase.h(256): warning C4267: “初始化”: 从“size_t”转换到“int”，可能丢失数据
c:\users\zq\desktop\zqcnn-v0.0\zqlibfaceid\ZQ_FaceDatabase.h(347): warning C4267: “初始化”: 从“size_t”转换到“int”，可能丢失数据
c:\users\zq\desktop\zqcnn-v0.0\zqlibfaceid\ZQ_FaceDatabase.h(368): warning C4267: “初始化”: 从“size_t”转换到“int”，可能丢失数据
c:\users\zq\desktop\zqcnn-v0.0\zqlibfaceid\ZQ_FaceDatabase.h(381): warning C4267: “初始化”: 从“size_t”转换到“int”，可能丢失数据
c:\users\zq\desktop\zqcnn-v0.0\zqlibfaceid\ZQ_FaceDatabase.h(385): warning C4267: “初始化”: 从“size_t”转换到“int”，可能丢失数据
c:\users\zq\desktop\zqcnn-v0.0\zqlibfaceid\ZQ_FaceDatabase.h(519): warning C4018: “<”: 有符号/无符号不匹配
c:\users\zq\desktop\zqcnn-v0.0\zqlibfaceid\ZQ_FaceDatabase.h(535): warning C4244: “=”: 从“float”转换到“short”，可能丢失数据
c:\users\zq\desktop\zqcnn-v0.0\zqlibfaceid\ZQ_FaceDatabase.h(576): warning C4018: “<”: 有符号/无符号不匹配
c:\users\zq\desktop\zqcnn-v0.0\zqlibfaceid\ZQ_FaceDatabase.h(597): warning C4244: “=”: 从“float”转换到“short”，可能丢失数据
c:\users\zq\desktop\zqcnn-v0.0\zqlibfaceid\ZQ_FaceDatabase.h(545): warning C4477: “printf”: 格式字符串“%d”需要类型“int”的参数，但可变参数 2 拥有了类型“__int64”
  c:\users\zq\desktop\zqcnn-v0.0\zqlibfaceid\ZQ_FaceDatabase.h(545): note: 请考虑在格式字符串中使用“%lld”
  c:\users\zq\desktop\zqcnn-v0.0\zqlibfaceid\ZQ_FaceDatabase.h(545): note: 请考虑在格式字符串中使用“%Id”
  c:\users\zq\desktop\zqcnn-v0.0\zqlibfaceid\ZQ_FaceDatabase.h(545): note: 请考虑在格式字符串中使用“%I64d”
c:\users\zq\desktop\zqcnn-v0.0\zqlibfaceid\ZQ_FaceDatabase.h(611): warning C4477: “printf”: 格式字符串“%d”需要类型“int”的参数，但可变参数 2 拥有了类型“__int64”
  c:\users\zq\desktop\zqcnn-v0.0\zqlibfaceid\ZQ_FaceDatabase.h(611): note: 请考虑在格式字符串中使用“%lld”
  c:\users\zq\desktop\zqcnn-v0.0\zqlibfaceid\ZQ_FaceDatabase.h(611): note: 请考虑在格式字符串中使用“%Id”
  c:\users\zq\desktop\zqcnn-v0.0\zqlibfaceid\ZQ_FaceDatabase.h(611): note: 请考虑在格式字符串中使用“%I64d”
c:\users\zq\desktop\zqcnn-v0.0\zqlibfaceid\ZQ_FaceDatabase.h(641): warning C4267: “初始化”: 从“size_t”转换到“int”，可能丢失数据
c:\users\zq\desktop\zqcnn-v0.0\zqlibfaceid\ZQ_FaceDatabase.h(669): warning C4267: “初始化”: 从“size_t”转换到“int”，可能丢失数据
c:\users\zq\desktop\zqcnn-v0.0\zqlibfaceid\ZQ_FaceDatabase.h(725): warning C4267: “初始化”: 从“size_t”转换到“int”，可能丢失数据
c:\users\zq\desktop\zqcnn-v0.0\zqlibfaceid\ZQ_FaceDatabase.h(740): warning C4267: “初始化”: 从“size_t”转换到“int”，可能丢失数据
c:\users\zq\desktop\zqcnn-v0.0\zqlibfaceid\ZQ_FaceDatabase.h(778): warning C4267: “初始化”: 从“size_t”转换到“int”，可能丢失数据
c:\users\zq\desktop\zqcnn-v0.0\zqlibfaceid\ZQ_FaceDatabase.h(793): warning C4267: “初始化”: 从“size_t”转换到“int”，可能丢失数据
c:\users\zq\desktop\zqcnn-v0.0\zqlibfaceid\ZQ_FaceDatabase.h(831): warning C4267: “初始化”: 从“size_t”转换到“int”，可能丢失数据
c:\users\zq\desktop\zqcnn-v0.0\zqlibfaceid\ZQ_FaceDatabase.h(855): warning C4267: “初始化”: 从“size_t”转换到“int”，可能丢失数据
c:\users\zq\desktop\zqcnn-v0.0\zqlibfaceid\ZQ_FaceDatabase.h(877): warning C4267: “初始化”: 从“size_t”转换到“int”，可能丢失数据
c:\users\zq\desktop\zqcnn-v0.0\zqlibfaceid\ZQ_FaceDatabase.h(893): warning C4267: “初始化”: 从“size_t”转换到“int”，可能丢失数据
c:\users\zq\desktop\zqcnn-v0.0\zqlibfaceid\ZQ_FaceDatabase.h(947): warning C4267: “初始化”: 从“size_t”转换到“int”，可能丢失数据
c:\users\zq\desktop\zqcnn-v0.0\zqlibfaceid\ZQ_FaceDatabase.h(1039): warning C4267: “初始化”: 从“size_t”转换到“int”，可能丢失数据
c:\users\zq\desktop\zqcnn-v0.0\zqlibfaceid\ZQ_FaceDatabase.h(1049): warning C4267: “初始化”: 从“size_t”转换到“int”，可能丢失数据
c:\users\zq\desktop\zqcnn-v0.0\zqlibfaceid\ZQ_FaceDatabase.h(1079): warning C4267: “初始化”: 从“size_t”转换到“int”，可能丢失数据
c:\users\zq\desktop\zqcnn-v0.0\zqlibfaceid\ZQ_FaceDatabaseCompact.h(176): warning C4267: “初始化”: 从“size_t”转换到“int”，可能丢失数据
c:\users\zq\desktop\zqcnn-v0.0\zqlibfaceid\ZQ_FaceDatabaseCompact.h(216): warning C4244: “初始化”: 从“__int64”转换到“int”，可能丢失数据
c:\users\zq\desktop\zqcnn-v0.0\zqlibfaceid\ZQ_FaceDatabaseCompact.h(252): warning C4244: “初始化”: 从“__int64”转换到“int”，可能丢失数据
c:\users\zq\desktop\zqcnn-v0.0\zqlibfaceid\ZQ_FaceDatabaseCompact.h(448): warning C4244: “=”: 从“float”转换到“short”，可能丢失数据
c:\users\zq\desktop\zqcnn-v0.0\zqlibfaceid\ZQ_FaceDatabaseCompact.h(510): warning C4244: “=”: 从“float”转换到“short”，可能丢失数据
C:\Users\ZQ\Desktop\ZQCNN-v0.0\ZQlibFaceID\ZQ_FaceDatabaseMaker.h(110): warning C4267: “初始化”: 从“size_t”转换到“int”，可能丢失数据
C:\Users\ZQ\Desktop\ZQCNN-v0.0\ZQlibFaceID\ZQ_FaceDatabaseMaker.h(111): warning C4267: “初始化”: 从“size_t”转换到“int”，可能丢失数据
C:\Users\ZQ\Desktop\ZQCNN-v0.0\ZQlibFaceID\ZQ_FaceDatabaseMaker.h(140): warning C4267: “初始化”: 从“size_t”转换到“int”，可能丢失数据
C:\Users\ZQ\Desktop\ZQCNN-v0.0\ZQlibFaceID\ZQ_FaceDatabaseMaker.h(284): warning C4267: “初始化”: 从“size_t”转换到“int”，可能丢失数据
C:\Users\ZQ\Desktop\ZQCNN-v0.0\ZQlibFaceID\ZQ_FaceDatabaseMaker.h(313): warning C4267: “初始化”: 从“size_t”转换到“int”，可能丢失数据
C:\Users\ZQ\Desktop\ZQCNN-v0.0\ZQlibFaceID\ZQ_FaceDatabaseMaker.h(451): warning C4267: “初始化”: 从“size_t”转换到“int”，可能丢失数据
C:\Users\ZQ\Desktop\ZQCNN-v0.0\ZQlibFaceID\ZQ_FaceDatabaseMaker.h(452): warning C4267: “初始化”: 从“size_t”转换到“int”，可能丢失数据
C:\Users\ZQ\Desktop\ZQCNN-v0.0\ZQlibFaceID\ZQ_FaceDatabaseMaker.h(461): warning C4267: “=”: 从“size_t”转换到“int”，可能丢失数据
C:\Users\ZQ\Desktop\ZQCNN-v0.0\ZQlibFaceID\ZQ_FaceDatabaseMaker.h(468): warning C4267: “初始化”: 从“size_t”转换到“int”，可能丢失数据
C:\Users\ZQ\Desktop\ZQCNN-v0.0\ZQlibFaceID\ZQ_FaceDatabaseMaker.h(545): warning C4267: “参数”: 从“size_t”转换到“int”，可能丢失数据
C:\Users\ZQ\Desktop\ZQCNN-v0.0\ZQlibFaceID\ZQ_FaceDatabaseMaker.h(628): warning C4267: “参数”: 从“size_t”转换到“int”，可能丢失数据
C:\Users\ZQ\Desktop\ZQCNN-v0.0\ZQlibFaceID\ZQ_FaceDatabaseMaker.h(675): warning C4267: “参数”: 从“size_t”转换到“int”，可能丢失数据
C:\Users\ZQ\Desktop\ZQCNN-v0.0\ZQlibFaceID\ZQ_FaceDatabaseMaker.h(687): warning C4267: “参数”: 从“size_t”转换到“int”，可能丢失数据
C:\Users\ZQ\Desktop\ZQCNN-v0.0\ZQlibFaceID\ZQ_FaceDatabaseMaker.h(711): warning C4267: “参数”: 从“size_t”转换到“int”，可能丢失数据
C:\Users\ZQ\Desktop\ZQCNN-v0.0\ZQlibFaceID\ZQ_FaceDatabaseMaker.h(806): warning C4267: “初始化”: 从“size_t”转换到“int”，可能丢失数据
C:\Users\ZQ\Desktop\ZQCNN-v0.0\ZQlibFaceID\ZQ_FaceDatabaseMaker.h(844): warning C4267: “初始化”: 从“size_t”转换到“int”，可能丢失数据
C:\Users\ZQ\Desktop\ZQCNN-v0.0\ZQlibFaceID\ZQ_FaceDatabaseMaker.h(867): warning C4267: “初始化”: 从“size_t”转换到“int”，可能丢失数据
C:\Users\ZQ\Desktop\ZQCNN-v0.0\ZQlibFaceID\ZQ_FaceDatabaseMaker.h(899): warning C4305: “参数”: 从“double”到“float”截断
C:\Users\ZQ\Desktop\ZQCNN-v0.0\ZQlibFaceID\ZQ_FaceDatabaseMaker.h(899): warning C4267: “参数”: 从“size_t”转换到“int”，可能丢失数据
C:\Users\ZQ\Desktop\ZQCNN-v0.0\ZQlibFaceID\ZQ_FaceDatabaseMaker.h(917): warning C4305: “参数”: 从“double”到“float”截断
C:\Users\ZQ\Desktop\ZQCNN-v0.0\ZQlibFaceID\ZQ_FaceDatabaseMaker.h(917): warning C4267: “参数”: 从“size_t”转换到“int”，可能丢失数据
C:\Users\ZQ\Desktop\ZQCNN-v0.0\ZQlibFaceID\ZQ_FaceDatabaseMaker.h(934): warning C4305: “参数”: 从“double”到“float”截断
C:\Users\ZQ\Desktop\ZQCNN-v0.0\ZQlibFaceID\ZQ_FaceDatabaseMaker.h(934): warning C4267: “参数”: 从“size_t”转换到“int”，可能丢失数据
C:\Users\ZQ\Desktop\ZQCNN-v0.0\ZQlibFaceID\ZQ_FaceDatabaseMaker.h(951): warning C4305: “参数”: 从“double”到“float”截断
C:\Users\ZQ\Desktop\ZQCNN-v0.0\ZQlibFaceID\ZQ_FaceDatabaseMaker.h(951): warning C4267: “参数”: 从“size_t”转换到“int”，可能丢失数据
C:\Users\ZQ\Desktop\ZQCNN-v0.0\ZQlibFaceID\ZQ_FaceDatabaseMaker.h(969): warning C4305: “参数”: 从“double”到“float”截断
C:\Users\ZQ\Desktop\ZQCNN-v0.0\ZQlibFaceID\ZQ_FaceDatabaseMaker.h(969): warning C4267: “参数”: 从“size_t”转换到“int”，可能丢失数据
C:\Users\ZQ\Desktop\ZQCNN-v0.0\ZQlibFaceID\ZQ_FaceDatabaseMaker.h(1005): warning C4838: 从“double”转换到“float”需要收缩转换
C:\Users\ZQ\Desktop\ZQCNN-v0.0\ZQlibFaceID\ZQ_FaceDatabaseMaker.h(1005): warning C4244: “初始化”: 从“double”转换到“float”，可能丢失数据
C:\Users\ZQ\Desktop\ZQCNN-v0.0\ZQlibFaceID\ZQ_FaceDatabaseMaker.h(1009): warning C4244: “初始化”: 从“double”转换到“float”，可能丢失数据
C:\Users\ZQ\Desktop\ZQCNN-v0.0\ZQlibFaceID\ZQ_FaceDatabaseMaker.h(1010): warning C4244: “初始化”: 从“double”转换到“float”，可能丢失数据
C:\Users\ZQ\Desktop\ZQCNN-v0.0\ZQlibFaceID\ZQ_FaceDatabaseMaker.h(1034): warning C4267: “初始化”: 从“size_t”转换到“int”，可能丢失数据
C:\Users\ZQ\Desktop\ZQCNN-v0.0\ZQlibFaceID\ZQ_FaceDatabaseMaker.h(1043): warning C4267: “=”: 从“size_t”转换到“int”，可能丢失数据
C:\Users\ZQ\Desktop\ZQCNN-v0.0\ZQlibFaceID\ZQ_FaceDatabaseMaker.h(1053): warning C4267: “初始化”: 从“size_t”转换到“int”，可能丢失数据
C:\Users\ZQ\Desktop\ZQCNN-v0.0\ZQlibFaceID\ZQ_FaceDatabaseMaker.h(1136): warning C4267: “初始化”: 从“size_t”转换到“int”，可能丢失数据
C:\Users\ZQ\Desktop\ZQCNN-v0.0\ZQlibFaceID\ZQ_FaceDatabaseMaker.h(1159): warning C4267: “初始化”: 从“size_t”转换到“int”，可能丢失数据
C:\Users\ZQ\Desktop\ZQCNN-v0.0\ZQlibFaceID\ZQ_FaceDatabaseMaker.h(1176): warning C4267: “参数”: 从“size_t”转换到“int”，可能丢失数据
SampleFaceDatabaseOpenCV.cpp(137): warning C4800: “int”: 将值强制为布尔值“true”或“false”(性能警告)
SampleFaceDatabaseOpenCV.cpp(224): warning C4244: “初始化”: 从“double”转换到“float”，可能丢失数据
SampleFaceDatabaseOpenCV.cpp(261): warning C4244: “初始化”: 从“double”转换到“float”，可能丢失数据
SampleFaceDatabaseOpenCV.cpp(299): warning C4267: “=”: 从“size_t”转换到“int”，可能丢失数据
SampleFaceDatabaseOpenCV.cpp(342): warning C4267: “初始化”: 从“size_t”转换到“int”，可能丢失数据
SampleFaceDatabaseOpenCV.cpp(429): warning C4800: “int”: 将值强制为布尔值“true”或“false”(性能警告)
SampleFaceDatabaseOpenCV.cpp(491): warning C4244: “=”: 从“double”转换到“float”，可能丢失数据
SampleFaceDatabaseOpenCV.cpp(543): warning C4244: “=”: 从“double”转换到“float”，可能丢失数据
SampleFaceDatabaseOpenCV.cpp(579): warning C4800: “int”: 将值强制为布尔值“true”或“false”(性能警告)
c:\users\zq\desktop\zqcnn-v0.0\zqlibfaceid\ZQ_FaceRecognizerUtils.h(74): warning C4838: 从“double”转换到“float”需要收缩转换
  c:\users\zq\desktop\zqcnn-v0.0\zqlibfaceid\ZQ_FaceRecognizerSphereFace.h(74): note: 参见对正在编译的函数 模板 实例化“bool ZQ::ZQ_FaceRecognizerUtils::CropImage_160x160<float>(const cv::Mat &,const BaseType *,cv::Mat &)”的引用
          with
          [
              BaseType=float
          ]
c:\users\zq\desktop\zqcnn-v0.0\zqlibfaceid\ZQ_FaceRecognizerUtils.h(74): warning C4305: “初始化”: 从“double”到“float”截断
c:\users\zq\desktop\zqcnn-v0.0\zqlibfaceid\ZQ_FaceRecognizerUtils.h(51): warning C4838: 从“double”转换到“float”需要收缩转换
  c:\users\zq\desktop\zqcnn-v0.0\zqlibfaceid\ZQ_FaceRecognizerSphereFace.h(79): note: 参见对正在编译的函数 模板 实例化“bool ZQ::ZQ_FaceRecognizerUtils::CropImage_112x112<float>(const cv::Mat &,const BaseType *,cv::Mat &)”的引用
          with
          [
              BaseType=float
          ]
c:\users\zq\desktop\zqcnn-v0.0\zqlibfaceid\ZQ_FaceRecognizerUtils.h(51): warning C4305: “初始化”: 从“double”到“float”截断
c:\users\zq\desktop\zqcnn-v0.0\zqlibfaceid\ZQ_FaceRecognizerUtils.h(28): warning C4838: 从“double”转换到“float”需要收缩转换
  c:\users\zq\desktop\zqcnn-v0.0\zqlibfaceid\ZQ_FaceRecognizerSphereFace.h(84): note: 参见对正在编译的函数 模板 实例化“bool ZQ::ZQ_FaceRecognizerUtils::CropImage_112x96<float>(const cv::Mat &,const BaseType *,cv::Mat &)”的引用
          with
          [
              BaseType=float
          ]
c:\users\zq\desktop\zqcnn-v0.0\zqlibfaceid\ZQ_FaceRecognizerUtils.h(28): warning C4305: “初始化”: 从“double”到“float”截断
C:\Users\ZQ\Desktop\ZQCNN-v0.0\3rdparty\include\ZQlib\ZQ_MathBase.h(155): warning C4244: “初始化”: 从“double”转换到“float”，可能丢失数据
  c:\users\zq\desktop\zqcnn-v0.0\zqlibfaceid\ZQ_FaceRecognizerSphereFaceOpenCV.h(173): note: 参见对正在编译的函数 模板 实例化“void ZQ::ZQ_MathBase::Normalize<float>(int,T *)”的引用
          with
          [
              T=float
          ]
C:\Users\ZQ\Desktop\ZQCNN-v0.0\3rdparty\include\ZQlib\ZQ_MergeSort.h(769): warning C4244: “参数”: 从“__int64”转换到“int”，可能丢失数据
  C:\Users\ZQ\Desktop\ZQCNN-v0.0\3rdparty\include\ZQlib\ZQ_MergeSort.h(607): note: 参见对正在编译的函数 模板 实例化“bool ZQ::ZQ_MergeSort::_mergeSort_OOC<T>(FILE *,FILE *[],FILE *,FILE *[],__int64,int,__int64,int,bool,bool)”的引用
          with
          [
              T=short
          ]
  SampleFaceDatabaseOpenCV.cpp(606): note: 参见对正在编译的函数 模板 实例化“bool ZQ::ZQ_MergeSort::MergeSortWithData_OOC<short>(const char *,const char *,const char *,const char *,int,bool,int)”的引用
C:\Users\ZQ\Desktop\ZQCNN-v0.0\3rdparty\include\ZQlib\ZQ_MergeSort.h(770): warning C4244: “参数”: 从“__int64”转换到“int”，可能丢失数据
C:\Users\ZQ\Desktop\ZQCNN-v0.0\3rdparty\include\ZQlib\ZQ_MergeSort.h(771): warning C4244: “参数”: 从“__int64”转换到“int”，可能丢失数据
C:\Users\ZQ\Desktop\ZQCNN-v0.0\3rdparty\include\ZQlib\ZQ_MergeSort.h(956): warning C4244: “参数”: 从“__int64”转换到“int”，可能丢失数据
C:\Users\ZQ\Desktop\ZQCNN-v0.0\3rdparty\include\ZQlib\ZQ_MergeSort.h(957): warning C4244: “参数”: 从“__int64”转换到“int”，可能丢失数据
  正在生成代码
c:\users\zq\desktop\zqcnn-v0.0\zqlibfaceid\zq_facerecognizersphereface.h(226): warning C4752: 发现 Intel(R) 高级矢量扩展；请考虑使用 /arch:AVX
c:\users\zq\desktop\zqcnn-v0.0\zqlibfaceid\zq_facerecognizersphereface.h(310): warning C4752: 发现 Intel(R) 高级矢量扩展；请考虑使用 /arch:AVX
c:\users\zq\desktop\zqcnn-v0.0\zqlibfaceid\zq_facerecognizersphereface.h(458): warning C4752: 发现 Intel(R) 高级矢量扩展；请考虑使用 /arch:AVX
  All 1827 functions were compiled because no usable IPDB/IOBJ from previous compilation was found.
  已完成代码的生成
  SampleFaceDatabaseOpenCV.vcxproj -> C:\Users\ZQ\Desktop\ZQCNN-v0.0\x64\Release\SampleFaceDatabaseOpenCV.exe
  SampleFaceDatabaseOpenCV.vcxproj -> C:\Users\ZQ\Desktop\ZQCNN-v0.0\x64\Release\SampleFaceDatabaseOpenCV.pdb (Full PDB)
