  SampleEvaluationOnLFWArcFaceOpenCV.cpp
c:\users\zq\desktop\zqcnn-v0.0\zqlibfaceid\ZQ_FaceRecognizer.h(94): warning C4267: “初始化”: 从“size_t”转换到“int”，可能丢失数据
c:\users\zq\desktop\zqcnn-v0.0\zqlibfaceid\ZQ_FaceRecognizer.h(112): warning C4267: “初始化”: 从“size_t”转换到“int”，可能丢失数据
c:\users\zq\desktop\zqcnn-v0.0\zqlibfaceid\ZQ_FaceRecognizer.h(149): warning C4267: “初始化”: 从“size_t”转换到“int”，可能丢失数据
c:\users\zq\desktop\zqcnn-v0.0\zqlibfaceid\ZQ_FaceRecognizer.h(153): warning C4267: “初始化”: 从“size_t”转换到“int”，可能丢失数据
C:\Users\ZQ\Desktop\ZQCNN-v0.0\ZQlibFaceID\ZQ_FaceIDPrecisionEvaluation.h(89): warning C4267: “初始化”: 从“size_t”转换到“int”，可能丢失数据
C:\Users\ZQ\Desktop\ZQCNN-v0.0\ZQlibFaceID\ZQ_FaceIDPrecisionEvaluation.h(105): warning C4267: “初始化”: 从“size_t”转换到“int”，可能丢失数据
C:\Users\ZQ\Desktop\ZQCNN-v0.0\ZQlibFaceID\ZQ_FaceIDPrecisionEvaluation.h(142): warning C4267: “参数”: 从“size_t”转换到“int”，可能丢失数据
C:\Users\ZQ\Desktop\ZQCNN-v0.0\ZQlibFaceID\ZQ_FaceIDPrecisionEvaluation.h(148): warning C4267: “参数”: 从“size_t”转换到“int”，可能丢失数据
C:\Users\ZQ\Desktop\ZQCNN-v0.0\ZQlibFaceID\ZQ_FaceIDPrecisionEvaluation.h(158): warning C4267: “参数”: 从“size_t”转换到“int”，可能丢失数据
C:\Users\ZQ\Desktop\ZQCNN-v0.0\ZQlibFaceID\ZQ_FaceIDPrecisionEvaluation.h(164): warning C4267: “参数”: 从“size_t”转换到“int”，可能丢失数据
C:\Users\ZQ\Desktop\ZQCNN-v0.0\ZQlibFaceID\ZQ_FaceIDPrecisionEvaluation.h(215): warning C4267: “参数”: 从“size_t”转换到“int”，可能丢失数据
C:\Users\ZQ\Desktop\ZQCNN-v0.0\ZQlibFaceID\ZQ_FaceIDPrecisionEvaluation.h(225): warning C4267: “参数”: 从“size_t”转换到“int”，可能丢失数据
C:\Users\ZQ\Desktop\ZQCNN-v0.0\ZQlibFaceID\ZQ_FaceIDPrecisionEvaluation.h(239): warning C4267: “参数”: 从“size_t”转换到“int”，可能丢失数据
C:\Users\ZQ\Desktop\ZQCNN-v0.0\ZQlibFaceID\ZQ_FaceIDPrecisionEvaluation.h(248): warning C4267: “参数”: 从“size_t”转换到“int”，可能丢失数据
C:\Users\ZQ\Desktop\ZQCNN-v0.0\ZQlibFaceID\ZQ_FaceIDPrecisionEvaluation.h(269): warning C4267: “初始化”: 从“size_t”转换到“int”，可能丢失数据
C:\Users\ZQ\Desktop\ZQCNN-v0.0\ZQlibFaceID\ZQ_FaceIDPrecisionEvaluation.h(311): warning C4267: “初始化”: 从“size_t”转换到“int”，可能丢失数据
C:\Users\ZQ\Desktop\ZQCNN-v0.0\ZQlibFaceID\ZQ_FaceIDPrecisionEvaluation.h(377): warning C4267: “初始化”: 从“size_t”转换到“int”，可能丢失数据
C:\Users\ZQ\Desktop\ZQCNN-v0.0\ZQlibFaceID\ZQ_FaceIDPrecisionEvaluation.h(437): warning C4244: “=”: 从“double”转换到“float”，可能丢失数据
C:\Users\ZQ\Desktop\ZQCNN-v0.0\ZQlibFaceID\ZQ_FaceIDPrecisionEvaluation.h(444): warning C4267: “初始化”: 从“size_t”转换到“int”，可能丢失数据
C:\Users\ZQ\Desktop\ZQCNN-v0.0\ZQlibFaceID\ZQ_FaceIDPrecisionEvaluation.h(508): warning C4244: “return”: 从“double”转换到“float”，可能丢失数据
C:\Users\ZQ\Desktop\ZQCNN-v0.0\ZQlibFaceID\ZQ_FaceIDPrecisionEvaluation.h(522): warning C4244: “return”: 从“double”转换到“float”，可能丢失数据
C:\Users\ZQ\Desktop\ZQCNN-v0.0\ZQlibFaceID\ZQ_FaceIDPrecisionEvaluation.h(548): warning C4267: “初始化”: 从“size_t”转换到“int”，可能丢失数据
C:\Users\ZQ\Desktop\ZQCNN-v0.0\ZQlibFaceID\ZQ_FaceIDPrecisionEvaluation.h(556): warning C4267: “初始化”: 从“size_t”转换到“int”，可能丢失数据
c:\users\zq\desktop\zqcnn-v0.0\zqlibfaceid\ZQ_FaceRecognizerSphereFace.h(162): warning C4267: “参数”: 从“size_t”转换到“int”，可能丢失数据
SampleEvaluationOnLFWArcFaceOpenCV.cpp(41): warning C4800: “int”: 将值强制为布尔值“true”或“false”(性能警告)
C:\Users\ZQ\Desktop\ZQCNN-v0.0\3rdparty\include\ZQlib\ZQ_MathBase.h(155): warning C4244: “初始化”: 从“double”转换到“float”，可能丢失数据
  C:\Users\ZQ\Desktop\ZQCNN-v0.0\ZQlibFaceID\ZQ_FaceIDPrecisionEvaluation.h(278): note: 参见对正在编译的函数 模板 实例化“void ZQ::ZQ_MathBase::Normalize<float>(int,T *)”的引用
          with
          [
              T=float
          ]
c:\users\zq\desktop\zqcnn-v0.0\zqlibfaceid\ZQ_FaceRecognizerUtils.h(74): warning C4838: 从“double”转换到“float”需要收缩转换
  c:\users\zq\desktop\zqcnn-v0.0\zqlibfaceid\ZQ_FaceRecognizerSphereFace.h(74): note: 参见对正在编译的函数 模板 实例化“bool ZQ::ZQ_FaceRecognizerUtils::CropImage_160x160<float>(const cv::Mat &,const BaseType *,cv::Mat &)”的引用
          with
          [
              BaseType=float
          ]
c:\users\zq\desktop\zqcnn-v0.0\zqlibfaceid\ZQ_FaceRecognizerUtils.h(74): warning C4305: “初始化”: 从“double”到“float”截断
c:\users\zq\desktop\zqcnn-v0.0\zqlibfaceid\ZQ_FaceRecognizerUtils.h(51): warning C4838: 从“double”转换到“float”需要收缩转换
  c:\users\zq\desktop\zqcnn-v0.0\zqlibfaceid\ZQ_FaceRecognizerSphereFace.h(79): note: 参见对正在编译的函数 模板 实例化“bool ZQ::ZQ_FaceRecognizerUtils::CropImage_112x112<float>(const cv::Mat &,const BaseType *,cv::Mat &)”的引用
          with
          [
              BaseType=float
          ]
c:\users\zq\desktop\zqcnn-v0.0\zqlibfaceid\ZQ_FaceRecognizerUtils.h(51): warning C4305: “初始化”: 从“double”到“float”截断
c:\users\zq\desktop\zqcnn-v0.0\zqlibfaceid\ZQ_FaceRecognizerUtils.h(28): warning C4838: 从“double”转换到“float”需要收缩转换
  c:\users\zq\desktop\zqcnn-v0.0\zqlibfaceid\ZQ_FaceRecognizerSphereFace.h(84): note: 参见对正在编译的函数 模板 实例化“bool ZQ::ZQ_FaceRecognizerUtils::CropImage_112x96<float>(const cv::Mat &,const BaseType *,cv::Mat &)”的引用
          with
          [
              BaseType=float
          ]
c:\users\zq\desktop\zqcnn-v0.0\zqlibfaceid\ZQ_FaceRecognizerUtils.h(28): warning C4305: “初始化”: 从“double”到“float”截断
  正在生成代码
c:\users\zq\desktop\zqcnn-v0.0\zqlibfaceid\zq_facerecognizersphereface.h(226): warning C4752: 发现 Intel(R) 高级矢量扩展；请考虑使用 /arch:AVX
c:\users\zq\desktop\zqcnn-v0.0\zqlibfaceid\zq_facerecognizersphereface.h(310): warning C4752: 发现 Intel(R) 高级矢量扩展；请考虑使用 /arch:AVX
c:\users\zq\desktop\zqcnn-v0.0\zqlibfaceid\zq_facerecognizersphereface.h(458): warning C4752: 发现 Intel(R) 高级矢量扩展；请考虑使用 /arch:AVX
  All 1234 functions were compiled because no usable IPDB/IOBJ from previous compilation was found.
  已完成代码的生成
  SampleEvaluationOnLFWArcFaceOpenCV.vcxproj -> C:\Users\ZQ\Desktop\ZQCNN-v0.0\x64\Release\SampleEvaluationOnLFWArcFaceOpenCV.exe
  SampleEvaluationOnLFWArcFaceOpenCV.vcxproj -> C:\Users\ZQ\Desktop\ZQCNN-v0.0\x64\Release\SampleEvaluationOnLFWArcFaceOpenCV.pdb (Full PDB)
